eps=1e-006
l1_c=1
l2_c=0
positive_weight=1
ftrl_alpha=0
ftrl_beta=0
bias=1
columns=14

weights:
0
0.585506
0.974706
0.789112
0.451655
-0.312169
0.305492
-0.832332
0.392297
0.721512
0.413438
1.42669
0.690578
1.09828
eps=1e-006
l1_c=1
l2_c=0
positive_weight=1
ftrl_alpha=0
ftrl_beta=0
bias=1
columns=14

weights:
0
0.585506
0.974706
0.789112
0.451655
-0.312169
0.305492
-0.832332
0.392297
0.721512
0.413438
1.42669
0.690578
1.09828
0.970857
0.414449
0.197683
0.927291
0.194899
0.426036
0.764159
0.930981
0.951229
0.981832
0.552976
0.858339
0.12988
0.368556
0.223798
0.104919
0.981227
0.889856
0.164743
0.202645
0.984817
0.09796
0.195422
0.135806
0.0867166
0.0398159
0.292626
0.056511
0.766558
0.0761624
0.755281
0.756948
0.0199189
0.975262
0.901145
0.921802
0.941742
0.106541
0.0836237
0.164755
0.415608
0.0426955
0.144845
0.0595217
0.529009
0.0843051
0.788988
0.312598
0.952906
0.96846
0.831176
0.0166507
0.130968
0.0757636
0.0370704
0.0212979
0.905651
0.0251785
0.303453
0.785043
0.321811
0.575085
0.0635922
0.0109806
0.273614
0.95969
0.379837
0.121807
0.102586
0.0680434
0.940871
0.124957
0.139098
0.121943
0.247829
0.991691
0.612779
0.0117691
0.0283871
0.0374381
0.913358
0.794075
0.900035
0.256775
0.708731
0.278867
0.0520442
0.743961
0.0150708
0.878007
0.0994129
0.0965282
0.971198
0.786743
0.82269
0.825401
0.368941
0.549764
0.182694
0.0158551
0.0232552
0.46865
0.0523044
0.985217
0.893689
0.663485
0.23364
0.914304
0.796214
0.0187389
0.699834
0.036743
0.145614
0.0160887
0.042774
0.0239689
0.623328
0.987607
0.0702672
0.918117
0.938587
0.962432
0.966901
0.12317
0.550626
0.0920211
0.978849
0.0668245
0.129502
0.859084
0.554402
0.657554
0.13513
0.931805
0.54608
0.2746
0.0858069
0.693154
0.00899102
0.569101
0.960902
0.225629
0.642049
0.32963
0.613742
0.982149
0.252538
0.885365
0.888284
0.0733993
0.0528376
0.0497651
0.0349493
0.616649
0.0648695
0.00802447
0.963473
0.0792295
0.245922
0.857856
0.336166
0.266493
0.0502911
0.988268
0.323712
0.242677
0.0715014
0.215576
0.299317
0.120029
0.179499
0.975462
0.908286
0.138028
0.0275922
0.747011
0.995565
0.331436
0.783764
0.0730208
0.22997
0.958955
0.458076
0.162871
0.57194
0.294251
0.958922
0.846713
0.247813
0.949033
0.210568
0.915453
0.14179
0.751569
0.202858
0.0581062
0.166761
0.042754
0.0923174
0.926455
0.544781
0.886581
0.962654
0.710104
0.965048
0.116187
0.0534871
0.653941
0.738284
0.253805
0.368733
0.170918
0.0340005
0.993923
0.0454683
0.0290812
0.0469423
0.557958
0.538592
0.0334253
0.92868
0.941774
0.113684
0.985493
0.0536161
0.223743
0.575559
0.708577
0.0135515
0.0904622
0.739562
0.588661
0.162954
0.795386
0.944214
0.990782
0.0996681
0.904985
0.170591
0.0420167
0.81494
0.148038
0.177176
0.812448
0.242439
0.87272
0.8436
0.0574471
0.359905
0.989389
0.840915
0.0554427
0.435008
0.098018
0.0853937
0.157921
0.269974
0.935873
0.116376
0.226869
0.0249994
0.985066
0.159491
0.0477091
0.26336
0.267199
0.126449
0.0729626
0.49929
0.98864
0.970857
0.414449
0.197683
0.927291
0.194899
0.426036
0.764159
0.930981
0.951229
0.981832
0.552976




0.104919

0.889856

0.202645

0.09796

0.749938
0.0867166
0.0398159
0.292626
0.056511
0.766558
0.0761624
0.755281
0.756948
0.0199189
0.975262
0.901145
0.921802
0.941742
0.106541
0.0836237
0.164755
0.415608
0.0426955
0.144845
0.0595217
0.529009
0.0843051
0.788988
0.312598
0.952906
0.96846
0.831176
0.0166507
0.130968
0.0757636
0.0370704
0.0212979
0.905651
0.0251785
0.303453
0.785043
0.321811
0.575085
0.0635922
0.0109806
0.273614
0.95969
0.379837
0.121807
0.102586
0.0680434
0.940871
0.124957
0.139098
0.121943
0.247829
0.991691
0.612779
0.0117691
0.0283871
0.0374381
0.913358
0.794075
0.900035
0.256775
0.708731
0.278867
0.0520442
0.743961
0.0150708
0.878007
0.0994129
0.0965282
0.971198
0.786743
0.82269
0.825401
0.368941
0.549764
0.182694
0.0158551
0.0232552
0.46865
0.0523044
0.985217
0.893689
0.663485
0.23364
0.914304
0.796214
0.0187389
0.699834
0.036743
0.145614
0.0160887
0.042774
0.0239689
0.623328
0.987607
0.0702672
0.918117
0.938587
0.962432
0.966901
0.12317
0.550626
0.0920211
0.978849
0.0668245
0.129502
0.859084
0.554402
0.657554
0.13513
0.931805
0.54608
0.2746
0.0858069
0.693154
0.00899102
0.569101
0.960902
0.225629
0.642049
0.32963
0.613742
0.982149
0.252538
0.885365
0.888284
0.0733993
0.0528376
0.0497651
0.0349493
0.616649
0.0648695
0.00802447
0.963473
0.0792295
0.245922
0.857856
0.336166
0.266493
0.0502911
0.988268
0.323712
0.242677
0.0715014
0.215576
0.299317
0.120029
0.179499
0.975462
0.908286
0.138028
0.0275922
0.747011
0.995565
0.331436
0.783764
0.0730208
0.22997
0.958955
0.458076
0.162871
0.57194
0.294251
0.958922
0.846713
0.247813
0.949033
0.210568
0.915453
0.14179
0.751569
0.202858
0.0581062
0.166761
0.042754
0.0923174
0.926455
0.544781
0.886581
0.962654
0.710104
0.965048
0.116187
0.0534871
0.653941
0.738284
0.253805
0.368733
0.170918
0.0340005
0.993923
0.0454683
0.0290812
0.0469423
0.557958
0.538592
0.0334253
0.92868
0.941774
0.113684
0.985493
0.0536161
0.223743
0.575559
0.708577
0.0135515
0.0904622
0.739562
0.588661
0.162954
0.795386
0.944214
0.990782
0.0996681
0.904985
0.170591
0.0420167
0.81494
0.148038
0.177176
0.812448
0.242439
0.87272
0.8436
0.0574471
0.359905
0.989389
0.840915
0.0554427
0.435008
0.098018
0.0853937
0.157921
0.269974
0.935873
0.116376
0.226869
0.0249994
0.985066
0.159491
0.0477091
0.26336
0.267199
0.126449
0.0729626
0.49929
0.98864
0.970857
0.414449
0.197683
0.927291
0.194899
0.426036
0.764159
0.930981
0.951229
0.981832
0.552976
0.858339
0.12988
0.368556
0.223798
0.104919
0.981227
0.889856
0.164743
0.202645
0.984817
0.09796
0.195422
0.135806
0.0867166
0.0398159
0.292626
0.056511
0.766558
0.0761624
0.755281
0.756948
0.0199189
0.975262
0.901145
0.921802
0.941742
0.106541
0.0836237
0.164755
0.415608
0.0426955
0.144845
0.0595217
0.529009
0.0843051
0.788988
0.312598
0.952906
0.96846
0.831176
0.0166507
0.130968
0.0757636
0.0370704
0.0212979
0.905651
0.0251785
0.303453
0.785043
0.321811
0.575085
0.0635922
0.0109806
0.273614
0.95969
0.379837
0.121807
0.102586
0.0680434
0.940871
0.124957
0.139098
0.121943
0.247829
0.991691
0.612779
0.0117691
0.0283871
0.0374381
0.913358
0.794075
0.900035
0.256775
0.708731
0.278867
0.0520442
0.743961
0.0150708
0.878007
0.0994129
0.0965282
0.971198
0.786743
0.82269
0.825401
0.368941
0.549764
0.182694
0.0158551
0.0232552
0.46865
0.0523044
0.985217
0.893689
0.663485
0.23364
0.914304
0.796214
0.0187389
0.699834
0.036743
0.145614
0.0160887
0.042774
0.0239689
0.623328
0.987607
0.0702672
0.918117
0.938587
0.962432
0.966901
0.12317
0.550626
0.0920211
0.978849
0.0668245
0.129502
0.859084
0.554402
0.657554
0.13513
0.931805
0.54608
0.2746
0.0858069
0.693154
0.00899102
0.569101
0.960902
0.225629
0.642049
0.32963
0.613742
0.982149
0.252538
0.885365
0.888284
0.0733993
0.0528376
0.0497651
0.0349493
0.616649
0.0648695
0.00802447
0.963473
0.0792295
0.245922
0.857856
0.336166
0.266493
0.0502911
0.988268
0.323712
0.242677
0.0715014
0.215576
0.299317
0.120029
0.179499
0.975462
0.908286
0.138028
0.0275922
0.747011
0.995565
0.331436
0.783764
0.0730208
0.22997
0.958955
0.458076
0.162871
0.57194
0.294251
0.958922
0.846713
0.247813
0.949033
0.210568
0.915453
0.14179
0.751569
0.202858
0.0581062
0.166761
0.042754
0.0923174
0.926455
0.544781
0.886581
0.962654
0.710104
0.965048
0.116187
0.0534871
0.653941
0.738284
0.253805
0.368733
0.170918
0.0340005
0.993923
0.0454683
0.0290812
0.0469423
0.557958
0.538592
0.0334253
0.92868
0.941774
0.113684
0.985493
0.0536161
0.223743
0.575559
0.708577
0.0135515
0.0904622
0.739562
0.588661
0.162954
0.795386
0.944214
0.990782
0.0996681
0.904985
0.170591
0.0420167
0.81494
0.148038
0.177176
0.812448
0.242439
0.87272
0.8436
0.0574471
0.359905
0.989389
0.840915
0.0554427
0.435008
0.098018
0.0853937
0.157921
0.269974
0.935873
0.116376
0.226869
0.0249994
0.985066
0.159491
0.0477091
0.26336
0.267199
0.126449
0.0729626
0.49929
0.98864

0.414449
0.197683
0.927291
0.194899
0.426036
0.764159


0.981832
0.552976
0.858339
0.12988
0.670198
0.223798
0.104919
0.981227
0.889856

0.749938
0.843405
0.09796
0.195422
0.894484
0.0867166
0.0398159
0.292626
0.056511
0.766558
0.0761624
0.755281
0.756948
0.0199189
0.975262
0.901145
0.921802
0.941742
0.106541
0.0836237
0.164755
0.415608
0.0426955
0.144845
0.0595217
0.529009
0.0843051
0.788988
0.312598
0.952906
0.96846
0.831176
0.0166507
0.130968
0.0757636
0.0370704
0.0212979
0.905651
0.0251785
0.303453
0.785043
0.321811
0.575085
0.0635922
0.0109806
0.273614
0.95969
0.379837
0.121807
0.102586
0.0680434
0.940871
0.124957
0.139098
0.121943
0.247829
0.991691
0.612779
0.0117691
0.0283871
0.0374381
0.913358
0.794075
0.900035
0.256775
0.708731
0.278867
0.0520442
0.743961
0.0150708
0.878007
0.0994129
0.0965282
0.971198
0.786743
0.82269
0.825401
0.368941
0.549764
0.182694
0.0158551
0.0232552
0.46865
0.0523044
0.985217
0.893689
0.663485
0.23364
0.914304
0.796214
0.0187389
0.699834
0.036743
0.145614
0.0160887
0.042774
0.0239689
0.623328
0.987607
0.0702672
0.918117
0.938587
0.962432
0.966901
0.12317
0.550626
0.0920211
0.978849
0.0668245
0.129502
0.859084
0.554402
0.657554
0.13513
0.931805
0.54608
0.2746
0.0858069
0.693154
0.00899102
0.569101
0.960902
0.225629
0.642049
0.32963
0.613742
0.982149
0.252538
0.885365
0.888284
0.0733993
0.0528376
0.0497651
0.0349493
0.616649
0.0648695
0.00802447
0.963473
0.0792295
0.245922
0.857856
0.336166
0.266493
0.0502911
0.988268
0.323712
0.242677
0.0715014
0.215576
0.299317
0.120029
0.179499
0.975462
0.908286
0.138028
0.0275922
0.747011
0.995565
0.331436
0.783764
0.0730208
0.22997
0.958955
0.458076
0.162871
0.57194
0.294251
0.958922
0.846713
0.247813
0.949033
0.210568
0.915453
0.14179
0.751569
0.202858
0.0581062
0.166761
0.042754
0.0923174
0.926455
0.544781
0.886581
0.962654
0.710104
0.965048
0.116187
0.0534871
0.653941
0.738284
0.253805
0.368733
0.170918
0.0340005
0.993923
0.0454683
0.0290812
0.0469423
0.557958
0.538592
0.0334253
0.92868
0.941774
0.113684
0.985493
0.0536161
0.223743
0.575559
0.708577
0.0135515
0.0904622
0.739562
0.588661
0.162954
0.795386
0.944214
0.990782
0.0996681
0.904985
0.170591
0.0420167
0.81494
0.148038
0.177176
0.812448
0.242439
0.87272
0.8436
0.0574471
0.359905
0.989389
0.840915
0.0554427
0.435008
0.098018
0.0853937
0.157921
0.269974
0.935873
0.116376
0.226869
0.0249994
0.985066
0.159491
0.0477091
0.26336
0.267199
0.126449
0.0729626
0.49929
0.98864
eps=1e-006
l1_c=1
l2_c=0
positive_weight=1
ftrl_alpha=0
ftrl_beta=0
bias=1
columns=1025

weights:
0
0
0
0
0
0
0
0
0
0
0
0
0
0
0
0
0
0
0
0
0
0
0
0
0
0
0
0
0
0
0
0
0
0
0
0
0
0
0
0
0
0
0
0
0
0
0
0
0
0
0
0
0
0
0
0
0
0
0
0
0
0
0
0
0
0
0
0
0
0
0
0
0
0
0
0
0
0
0
0
0
0
0
0
0
0
0
0
0
0
0
0
0
0
0
0
0
0
0
0
0
0
0
0
0
0
0
0
0
0
0
0
0
0
0
0
0
0
0
0
0
0
0
0
0
0
0
0
0
0
0
0
0
0
0
0
0
0
0
0
0
0
0
0
0
0
0
0
0
0
0
0
0
0
0
0
0
0
0
0
0
0
0
0
0
0
0
0
0
0
0
0
0
0
0
0
0
0
0
0
0
0
0
0
0
0
0
0
0
0
0
0
0
0
0
0
0
0
0
0
0
0
0
0
1.42743
0.974987
0
0
0
0
0
0
0
0
0
0
0
0
0
0
0
0
0
0
0
0
0
0
0
0
0
0
0
0
0
0
0
0
0
0
0
0
0
0
0
0
0
0
0
0
0
0
0
0
0
0
0
0
0
0
0
0
0
0
0
0
0
0
0
0
0
0
0
0
0
0
0
0
0
0
0
0
0
0
0
0
0
0
0
0
0
0
0
0
0
0
0
0
0
0
0
0
0
0
0
0
0
0
0
0
0
0
0
0
0
0
0
0
0
0
0
0
0
0
0
0
0
0.454886
0
0
0
0
0
0
0
0
0
0
0
0
0
0
0
0
0
0
0
0
0
0
0
0
0
0
0
0
0
0
0
0
0
0
0
0.586118
0
0
0
0
0
0
0
0
0
0
0
0
0
0
0
0
0
0
0.690501
0
0
0
0
0
0
0
0
0
0
0
0
0
0
0
0
0
0
0
0
0
0
0
0
0
0
0
0
0
0
0
0
-0.833452
0
0
0
0
0
0
0
0
0
0
0
0
0
0
0
0
0
0
0
0
0
0
0
0
0
0
0
0
0
0
0
0
0
0
0
0
0
0
0
0
0
0
0
0
0
0
0
0
0
0
0
0
0
0
0
0
0
0
0
0
0
0
0
0
0
0
0
0
0
0
0
0
0
0
0
0
0
0
0
0
0
0
0
0
0
0
0
0
0
0
0
0
0
0
0
0
0
0
0
0
0
0
0
0
0
0
0
0
0
0
0
0
0
0
0
0
0
0
0
0
0
0
0
0
0
0
0
0
0
0
0
0
0
0
0
0
0
0
0
0
0
0
0
0
0
0
0
0
0
0
0
0
0
0
0
0
0
0
0
0
0
0
0
0
0
0
0
0
0
0
0
0
0
0
0.392333
0
0
0
0
0
0
0
0
0
0
0
0
0
0
0
0
0
0
0
0
0
0
0
0
0
0
0
0
-0.312477
0
0
0
0
0
0
0
0
0
0
0
0
0
0
0
0
0
0
0
0
0
0
0
0
0
0
0
0
0
0
0
0
0
0
0
0
0
0
0
0
0
0
0.722759
0
0
0
0
0
0
0
0
0
0
0
0
0
0
0
0
0
0
0
0
0
0
0
0
0
0
0
0
0
0
0
0
0
0
0
0
0
0
0
0
0
0
0
0
0
0
0
0
0
0
0
0
0
0
0
0
0
0
0
0
0
0
0
0
0
0
0
0
0
0
0
0
0
0
0
0
0
0
0
0
0
0
0
0
0
0
0.790562
0
0
0
0
0
0
0
0
0
0
0
0
0
0
0
0
0
0
0
0
0
0
0
0
0
0
0
0
0
0
0
0
0
0
0
0
0
0
0
0
0
0
0
0
0
0
0
0
0
0
0
0
0
0
0
0
0
0
0
0
0
0
0
0
0
0
0
0
0
0
0
0
0
0
0
0
0
0
0
0
0
0
0
0
0
0
0
0
0
0
0
0
0
0
0
0
0
0
0
0
0
0
0
0
0
0
0
0
0
0
0
0
0
0
0
0
0
0
0
0
0
0
0
0
0
0
0
0
0
0
0
0
0
0
0
0
0
0
0
0
0
0
0
0
0
0
0
0
0
0
0
0
0
0
0
0.413449
0
0
0
0
0
0
0
0
0
0
0
0
0
0
0
0
0
0
0
0
0
0
0
0
0
0
0
0
0
0
0
0
0
0
0
0
0
0
0
0
0
0
0
0
0
0.305477
0
0
0
0
0
0
0
0
0
0
0
0
0
0
0
0
0
0
0
0
0
0
0
0
0
0
0
0
0
0
0
0
0
0
0
0
0
0
0
0
0
0
0
0
0
0
0
0
0
0
0
0
0
0
0
0
0
0
0
0
0
0
0
0
0
0
0
0
0
0
0
0
1.10114
0.970976
0.415209
0.197646
0.927387
0.194827
0.425754
0.76418
0.931002
0.951316
0.981912
0.552925
0.858406
0.129806
0.368896
0.223769
0.104722
0.981288
0.889862
0.164636
0.202481
0.984843
0.0978824
0.195478
0.13569
0.0866219
0.0397872
0.292405
0.0564626
0.766579
0.076055
0.755272
0.757224
0.0198698
0.975351
0.901176
0.921829
0.941797
0.106638
0.0835319
0.164582
0.415496
0.0426059
0.144761
0.0593651
0.529055
0.0841993
0.789021
0.312318
0.953013
0.9685
0.831493
0.0166136
0.131127
0.0756499
0.0369984
0.0212387
0.905773
0.0251192
0.303493
0.785299
0.321366
0.575124
0.0635257
0.0109658
0.273575
0.959778
0.379809
0.121797
0.102476
0.067986
0.940978
0.124974
0.139143
0.121849
0.24764
0.991713
0.612775
0.011727
0.0283141
0.0374024
0.913509
0.794058
0.900191
0.256733
0.708676
0.279
0.0519701
0.744471
0.0150548
0.878191
0.0993525
0.0964953
0.971256
0.786758
0.822726
0.825594
0.36909
0.549577
0.182699
0.0158286
0.0231696
0.468979
0.0522477
0.985262
0.893786
0.663478
0.233512
0.914398
0.79612
0.0186805
0.700527
0.0367015
0.145634
0.0160663
0.0427671
0.0239373
0.623322
0.98765
0.0702745
0.918211
0.938643
0.962549
0.966995
0.123314
0.550797
0.0919359
0.978901
0.0666796
0.129469
0.85909
0.554389
0.657521
0.135067
0.931935
0.546159
0.274265
0.0857856
0.693236
0.00896493
0.568868
0.960971
0.225624
0.642101
0.329697
0.614066
0.982201
0.252454
0.885321
0.888403
0.0732667
0.0527798
0.0496893
0.0348798
0.617089
0.064802
0.00799812
0.963567
0.079235
0.245687
0.857884
0.336124
0.26646
0.0502786
0.988298
0.323396
0.242912
0.071377
0.215386
0.299088
0.120046
0.179538
0.975518
0.908432
0.137902
0.0275302
0.747399
0.995586
0.331793
0.783769
0.0729388
0.229658
0.959069
0.45758
0.162728
0.571993
0.294635
0.958967
0.846709
0.2481
0.949187
0.210642
0.915509
0.141748
0.751601
0.202808
0.0580469
0.166596
0.0426743
0.0923207
0.926591
0.544937
0.886688
0.962715
0.710348
0.965123
0.116188
0.0534451
0.653732
0.738583
0.253925
0.368935
0.170873
0.0339244
0.993936
0.0453837
0.029022
0.0468695
0.557675
0.538521
0.0333798
0.928764
0.941886
0.113624
0.985536
0.0535169
0.22362
0.575692
0.708768
0.0135357
0.0902459
0.739643
0.5886
0.162835
0.795428
0.944302
0.990802
0.0995407
0.904993
0.170594
0.0420241
0.815164
0.148111
0.177069
0.81269
0.242613
0.872847
0.843651
0.0574433
0.359963
0.989421
0.840966
0.0553647
0.435139
0.0979194
0.0853725
0.158048
0.270046
0.936041
0.116502
0.227004
0.0249821
0.985089
0.159546
0.0476984
0.263118
0.267093
0.12634
0.0729489
0.499173
0.988687
eps=1e-006
l1_c=1
l2_c=0
positive_weight=1
ftrl_alpha=0
ftrl_beta=0
bias=0
columns=1024

weights:
0
0
0
0
0
0
0
0
0
0
0
0
0
0
0
0
0
0
0
0
0
0
0
0
0
0
0
0
0
0
0
0
0
0
0
0
0
0
0
0
0
0
0
0
0
0
0
0
0
0
0
0
0
0
0
0
0
0
0
0
0
0
0
0
0
0
0
0
0
0
0
0
0
0
0
0
0
0
0
0
0
0
0
0
0
0
0
0
0
0
0
0
0
0
0
0
0
0
0
0
0
0
0
0
0
0
0
0
0
0
0
0
0
0
0
0
0
0
0
0
0
0
0
0
0
0
0
0
0
0
0
0
0
0
0
0
0
0
0
0
0
0
0
0
0
0
0
0
0
0
0
0
0
0
0
0
0
0
0
0
0
0
0
0
0
0
0
0
0
0
0
0
0
0
0
0
0
0
0
0
0
0
0
0
0
0
0
0
0
0
0
0
0
0
0
0
0
0
0
0
0
0
0
0
1.24894
1.14261
0
0
0
0
0
0
0
0
0
0
0
0
0
0
0
0
0
0
0
0
0
0
0
0
0
0
0
0
0
0
0
0
0
0
0
0
0
0
0
0
0
0
0
0
0
0
0
0
0
0
0
0
0
0
0
0
0
0
0
0
0
0
0
0
0
0
0
0
0
0
0
0
0
0
0
0
0
0
0
0
0
0
0
0
0
0
0
0
0
0
0
0
0
0
0
0
0
0
0
0
0
0
0
0
0
0
0
0
0
0
0
0
0
0
0
0
0
0
0
0
0
0
0
0
0
0
0
0
0
0
0
0
0
0
0
0
0
0
0
0
0
0
0
0
0
0
0
0
0
0
0
0
0
0
0
0
0
0.631293
0
0
0
0
0
0
0
0
0
0
0
0
0
0
0
0
0
0
0.697506
0
0
0
0
0
0
0
0
0
0
0
0
0
0
0
0
0
0
0
0
0
0
0
0
0
0
0
0
0
0
0
0
-0.664345
0
0
0
0
0
0
0
0
0
0
0
0
0
0
0
0
0
0
0
0
0
0
0
0
0
0
0
0
0
0
0
0
0
0
0
0
0
0
0
0
0
0
0
0
0
0
0
0
0
0
0
0
0
0
0
0
0
0
0
0
0
0
0
0
0
0
0
0
0
0
0
0
0
0
0
0
0
0
0
0
0
0
0
0
0
0
0
0
0
0
0
0
0
0
0
0
0
0
0
0
0
0
0
0
0
0
0
0
0
0
0
0
0
0
0
0
0
0
0
0
0
0
0
0
0
0
0
0
0
0
0
0
0
0
0
0
0
0
0
0
0
0
0
0
0
0
0
0
0
0
0
0
0
0
0
0
0
0
0
0
0
0
0
0
0
0
0
0
0
0
0
0
0
0
0.363799
0
0
0
0
0
0
0
0
0
0
0
0
0
0
0
0
0
0
0
0
0
0
0
0
0
0
0
0
-0.436948
0
0
0
0
0
0
0
0
0
0
0
0
0
0
0
0
0
0
0
0
0
0
0
0
0
0
0
0
0
0
0
0
0
0
0
0
0
0
0
0
0
0
0.0537454
0
0
0
0
0
0
0
0
0
0
0
0
0
0
0
0
0
0
0
0
0
0
0
0
0
0
0
0
0
0
0
0
0
0
0
0
0
0
0
0
0
0
0
0
0
0
0
0
0
0
0
0
0
0
0
0
0
0
0
0
0
0
0
0
0
0
0
0
0
0
0
0
0
0
0
0
0
0
0
0
0
0
0
0
0
0
0.674945
0
0
0
0
0
0
0
0
0
0
0
0
0
0
0
0
0
0
0
0
0
0
0
0
0
0
0
0
0
0
0
0
0
0
0
0
0
0
0
0
0
0
0
0
0
0
0
0
0
0
0
0
0
0
0
0
0
0
0
0
0
0
0
0
0
0
0
0
0
0
0
0
0
0
0
0
0
0
0
0
0
0
0
0
0
0
0
0
0
0
0
0
0
0
0
0
0
0
0
0
0
0
0
0
0
0
0
0
0
0
0
0
0
0
0
0
0
0
0
0
0
0
0
0
0
0
0
0
0
0
0
0
0
0
0
0
0
0
0
0
0
0
0
0
0
0
0
0
0
0
0
0
0
0
0
0.54785
0
0
0
0
0
0
0
0
0
0
0
0
0
0
0
0
0
0
0
0
0
0
0
0
0
0
0
0
0
0
0
0
0
0
0
0.147431
0
0
0
0
0
0
0
0
0
0.332495
0
0
0
0
0
0
0
0
0
0
0
0
0
0
0
0
0
0
0
0
0
0
0
0
0
0
0
0
0
0
0
0
0
0
0
0
0
0
0
0
0
0
0
0
0
0
0
0
0
0
0
0
0
0
0
0
0
0
0
0
0
0
0
0
0
0
0
0
0
0
0
0
0.947135
0.272478
0.186833
0.932022
0.161313
0.515705
0.712336
0.934947
0.946572
0.942738
0.634968
0.875346
0.152404
0.220433
0.223731
0.125759
0.96671
0.852316
0.138626
0.146572
0.978763
0.116184
0.200188
0.17076
0.0530847
0.0346596
0.338394
0.0499037
0.728006
0.0612965
0.785477
0.72068
0.0210472
0.960948
0.91431
0.896724
0.92854
0.0882926
0.0983038
0.228
0.473523
0.0571911
0.146348
0.0540422
0.399042
0.0869366
0.749159
0.383878
0.935559
0.959578
0.773541
0.0153565
0.0663863
0.0683017
0.0372395
0.0195508
0.864498
0.0214202
0.330516
0.722924
0.321815
0.52763
0.0741935
0.0078887
0.190503
0.957202
0.439205
0.0672461
0.0976588
0.0768489
0.900413
0.104694
0.149458
0.130298
0.24647
0.989855
0.561089
0.0140661
0.0358612
0.0359357
0.892271
0.781807
0.890469
0.239138
0.725938
0.189948
0.0479689
0.563465
0.0117803
0.848827
0.103347
0.106399
0.959492
0.82687
0.808194
0.807914
0.444045
0.605942
0.161731
0.0118749
0.0310085
0.484557
0.0570054
0.973306
0.897496
0.723164
0.235822
0.869369
0.833526
0.0222747
0.500284
0.0366423
0.154924
0.0119128
0.0381617
0.0236499
0.640487
0.959952
0.0433454
0.895236
0.907746
0.925765
0.955662
0.0922261
0.592794
0.0892954
0.968484
0.0895534
0.109074
0.790403
0.477758
0.705421
0.166433
0.921296
0.511947
0.291052
0.0805
0.63383
0.00771872
0.646384
0.953171
0.287462
0.648924
0.223562
0.579697
0.969296
0.290889
0.882239
0.810766
0.0727819
0.0603287
0.0446784
0.0394419
0.487467
0.0606702
0.00851413
0.921557
0.0742712
0.220637
0.797163
0.185452
0.253439
0.0497928
0.979646
0.396616
0.221293
0.0871527
0.220745
0.337796
0.0728233
0.138742
0.962958
0.899521
0.135569
0.028746
0.539599
0.985982
0.214796
0.775783
0.0901618
0.238821
0.920819
0.565508
0.17273
0.476779
0.187518
0.951161
0.798661
0.213458
0.906922
0.208493
0.918752
0.135844
0.764647
0.152132
0.0487318
0.184426
0.0404913
0.0464084
0.921696
0.506379
0.890162
0.947863
0.655934
0.962315
0.0696341
0.0477157
0.704534
0.679099
0.187577
0.35301
0.11854
0.0401036
0.990829
0.051162
0.0223012
0.0549781
0.573289
0.592755
0.0357132
0.896562
0.922212
0.110558
0.964425
0.0493374
0.241633
0.494478
0.492529
0.00694628
0.121565
0.727908
0.608109
0.211306
0.806145
0.918277
0.973393
0.120888
0.89162
0.185505
0.0368432
0.744509
0.145932
0.204449
0.715058
0.155592
0.845072
0.850418
0.0481087
0.317745
0.981612
0.841166
0.0637985
0.44912
0.106085
0.058732
0.106227
0.215167
0.913514
0.115591
0.200908
0.0234078
0.979786
0.134192
0.0415847
0.295189
0.229374
0.126608
0.0561341
0.595403
0.981503
